<?xml version="1.0" encoding="UTF-8"?>
<testsuite name="ch.fhnw.algd2.arraycollections.UnsortedBagTest" tests="19" skipped="0" failures="0" errors="0" timestamp="2024-02-23T20:35:32" hostname="DESKTOP-CR4IAKN" time="0.169">
  <properties/>
  <testcase name="testLinearSearch" classname="ch.fhnw.algd2.arraycollections.UnsortedBagTest" time="0.006"/>
  <testcase name="removesOnlyOneInstance" classname="ch.fhnw.algd2.arraycollections.UnsortedBagTest" time="0.001"/>
  <testcase name="containsNull" classname="ch.fhnw.algd2.arraycollections.UnsortedBagTest" time="0.001"/>
  <testcase name="removeLastElement" classname="ch.fhnw.algd2.arraycollections.UnsortedBagTest" time="0.0"/>
  <testcase name="removeNonExisting" classname="ch.fhnw.algd2.arraycollections.UnsortedBagTest" time="0.0"/>
  <testcase name="addNumberSequence" classname="ch.fhnw.algd2.arraycollections.UnsortedBagTest" time="0.001"/>
  <testcase name="addDuplicates" classname="ch.fhnw.algd2.arraycollections.UnsortedBagTest" time="0.001"/>
  <testcase name="containsLastElement" classname="ch.fhnw.algd2.arraycollections.UnsortedBagTest" time="0.0"/>
  <testcase name="addNull" classname="ch.fhnw.algd2.arraycollections.UnsortedBagTest" time="0.001"/>
  <testcase name="removeHasNoMemoryLeak" classname="ch.fhnw.algd2.arraycollections.UnsortedBagTest" time="0.15"/>
  <testcase name="addUnsortedNumberSequence" classname="ch.fhnw.algd2.arraycollections.UnsortedBagTest" time="0.0"/>
  <testcase name="testEmptyCollection" classname="ch.fhnw.algd2.arraycollections.UnsortedBagTest" time="0.001"/>
  <testcase name="notExistingElementInFullCollection" classname="ch.fhnw.algd2.arraycollections.UnsortedBagTest" time="0.001"/>
  <testcase name="removeElement" classname="ch.fhnw.algd2.arraycollections.UnsortedBagTest" time="0.0"/>
  <testcase name="removeElementFromFullList" classname="ch.fhnw.algd2.arraycollections.UnsortedBagTest" time="0.001"/>
  <testcase name="addMoreThanCapacity" classname="ch.fhnw.algd2.arraycollections.UnsortedBagTest" time="0.0"/>
  <testcase name="containsWithEquals" classname="ch.fhnw.algd2.arraycollections.UnsortedBagTest" time="0.0"/>
  <testcase name="addSingleNull" classname="ch.fhnw.algd2.arraycollections.UnsortedBagTest" time="0.0"/>
  <testcase name="containsOtherObject" classname="ch.fhnw.algd2.arraycollections.UnsortedBagTest" time="0.0"/>
  <system-out><![CDATA[]]></system-out>
  <system-err><![CDATA[]]></system-err>
</testsuite>
